The target system is: Windows - 1 - 
The host system is: Linux - 5.9.16-1-MANJARO - x86_64
Compiling the C compiler identification source file "CMakeCCompilerId.c" succeeded.
Compiler: /usr/bin/i686-w64-mingw32-gcc 
Build flags: 
Id flags:  

The output was:
0


Compilation of the C compiler identification source "CMakeCCompilerId.c" produced "a.exe"

The C compiler identification is GNU, found in "/home/louis/wichtiges/kempten/ss21/programmieren 2/uebungen/001/container/src/win-extras/glfw/glfw-3.3.3/CMakeFiles/3.19.7/CompilerIdC/a.exe"

Detecting C compiler ABI info compiled with the following output:
Change Dir: /home/louis/wichtiges/kempten/ss21/programmieren 2/uebungen/001/container/src/win-extras/glfw/glfw-3.3.3/CMakeFiles/CMakeTmp

Run Build Command(s):/usr/bin/make cmTC_a6ca3/fast && /usr/bin/make  -f CMakeFiles/cmTC_a6ca3.dir/build.make CMakeFiles/cmTC_a6ca3.dir/build
make[1]: Entering directory '/home/louis/wichtiges/kempten/ss21/programmieren 2/uebungen/001/container/src/win-extras/glfw/glfw-3.3.3/CMakeFiles/CMakeTmp'
Building C object CMakeFiles/cmTC_a6ca3.dir/CMakeCCompilerABI.c.obj
/usr/bin/i686-w64-mingw32-gcc   -v -o CMakeFiles/cmTC_a6ca3.dir/CMakeCCompilerABI.c.obj -c /usr/share/cmake-3.19/Modules/CMakeCCompilerABI.c
Using built-in specs.
COLLECT_GCC=/usr/bin/i686-w64-mingw32-gcc
Target: i686-w64-mingw32
Configured with: /build/mingw-w64-gcc/src/gcc/configure --prefix=/usr --libexecdir=/usr/lib --target=i686-w64-mingw32 --with-bugurl=https://bugs.archlinux.org/ --enable-languages=c,lto,c++,ada,objc,obj-c++,fortran --enable-shared --enable-static --enable-threads=posix --enable-fully-dynamic-string --enable-libstdcxx-time=yes --enable-libstdcxx-filesystem-ts=yes --with-system-zlib --enable-cloog-backend=isl --enable-lto --enable-libgomp --disable-multilib --enable-checking=release --disable-sjlj-exceptions --with-dwarf2
Thread model: posix
Supported LTO compression algorithms: zlib zstd
gcc version 10.2.0 (GCC) 
COLLECT_GCC_OPTIONS='-v' '-o' 'CMakeFiles/cmTC_a6ca3.dir/CMakeCCompilerABI.c.obj' '-c' '-mtune=generic' '-march=pentiumpro'
 /usr/lib/gcc/i686-w64-mingw32/10.2.0/cc1 -quiet -v -D_REENTRANT /usr/share/cmake-3.19/Modules/CMakeCCompilerABI.c -quiet -dumpbase CMakeCCompilerABI.c -mtune=generic -march=pentiumpro -auxbase-strip CMakeFiles/cmTC_a6ca3.dir/CMakeCCompilerABI.c.obj -version -o /tmp/cc3EeVhk.s
GNU C17 (GCC) version 10.2.0 (i686-w64-mingw32)
	compiled by GNU C version 10.2.0, GMP version 6.2.0, MPFR version 4.1.0, MPC version 1.1.0, isl version isl-0.21-GMP

warning: GMP header version 6.2.0 differs from library version 6.2.1.
warning: MPC header version 1.1.0 differs from library version 1.2.1.
GGC heuristics: --param ggc-min-expand=100 --param ggc-min-heapsize=131072
ignoring nonexistent directory "/usr/lib/gcc/i686-w64-mingw32/10.2.0/../../../../i686-w64-mingw32/sys-include"
#include "..." search starts here:
#include <...> search starts here:
 /usr/lib/gcc/i686-w64-mingw32/10.2.0/include
 /usr/lib/gcc/i686-w64-mingw32/10.2.0/include-fixed
 /usr/lib/gcc/i686-w64-mingw32/10.2.0/../../../../i686-w64-mingw32/include
End of search list.
GNU C17 (GCC) version 10.2.0 (i686-w64-mingw32)
	compiled by GNU C version 10.2.0, GMP version 6.2.0, MPFR version 4.1.0, MPC version 1.1.0, isl version isl-0.21-GMP

warning: GMP header version 6.2.0 differs from library version 6.2.1.
warning: MPC header version 1.1.0 differs from library version 1.2.1.
GGC heuristics: --param ggc-min-expand=100 --param ggc-min-heapsize=131072
Compiler executable checksum: ded9fca0c6f5f53dad787dacd8ef9b9f
COLLECT_GCC_OPTIONS='-v' '-o' 'CMakeFiles/cmTC_a6ca3.dir/CMakeCCompilerABI.c.obj' '-c' '-mtune=generic' '-march=pentiumpro'
 /usr/lib/gcc/i686-w64-mingw32/10.2.0/../../../../i686-w64-mingw32/bin/as -v -o CMakeFiles/cmTC_a6ca3.dir/CMakeCCompilerABI.c.obj /tmp/cc3EeVhk.s
GNU assembler version 2.35.1 (i686-w64-mingw32) using BFD version (GNU Binutils) 2.35.1
COMPILER_PATH=/usr/lib/gcc/i686-w64-mingw32/10.2.0/:/usr/lib/gcc/i686-w64-mingw32/10.2.0/:/usr/lib/gcc/i686-w64-mingw32/:/usr/lib/gcc/i686-w64-mingw32/10.2.0/:/usr/lib/gcc/i686-w64-mingw32/:/usr/lib/gcc/i686-w64-mingw32/10.2.0/../../../../i686-w64-mingw32/bin/
LIBRARY_PATH=/usr/lib/gcc/i686-w64-mingw32/10.2.0/:/usr/lib/gcc/i686-w64-mingw32/10.2.0/../../../../i686-w64-mingw32/lib/../lib/:/usr/lib/gcc/i686-w64-mingw32/10.2.0/../../../../i686-w64-mingw32/lib/
COLLECT_GCC_OPTIONS='-v' '-o' 'CMakeFiles/cmTC_a6ca3.dir/CMakeCCompilerABI.c.obj' '-c' '-mtune=generic' '-march=pentiumpro'
Linking C executable cmTC_a6ca3.exe
/usr/bin/cmake -E cmake_link_script CMakeFiles/cmTC_a6ca3.dir/link.txt --verbose=1
/usr/bin/cmake -E rm -f CMakeFiles/cmTC_a6ca3.dir/objects.a
/usr/bin/i686-w64-mingw32-ar cr CMakeFiles/cmTC_a6ca3.dir/objects.a @CMakeFiles/cmTC_a6ca3.dir/objects1.rsp
/usr/bin/i686-w64-mingw32-gcc  -v -Wl,--whole-archive CMakeFiles/cmTC_a6ca3.dir/objects.a -Wl,--no-whole-archive -o cmTC_a6ca3.exe -Wl,--out-implib,libcmTC_a6ca3.dll.a -Wl,--major-image-version,0,--minor-image-version,0 
Using built-in specs.
COLLECT_GCC=/usr/bin/i686-w64-mingw32-gcc
COLLECT_LTO_WRAPPER=/usr/lib/gcc/i686-w64-mingw32/10.2.0/lto-wrapper
Target: i686-w64-mingw32
Configured with: /build/mingw-w64-gcc/src/gcc/configure --prefix=/usr --libexecdir=/usr/lib --target=i686-w64-mingw32 --with-bugurl=https://bugs.archlinux.org/ --enable-languages=c,lto,c++,ada,objc,obj-c++,fortran --enable-shared --enable-static --enable-threads=posix --enable-fully-dynamic-string --enable-libstdcxx-time=yes --enable-libstdcxx-filesystem-ts=yes --with-system-zlib --enable-cloog-backend=isl --enable-lto --enable-libgomp --disable-multilib --enable-checking=release --disable-sjlj-exceptions --with-dwarf2
Thread model: posix
Supported LTO compression algorithms: zlib zstd
gcc version 10.2.0 (GCC) 
COMPILER_PATH=/usr/lib/gcc/i686-w64-mingw32/10.2.0/:/usr/lib/gcc/i686-w64-mingw32/10.2.0/:/usr/lib/gcc/i686-w64-mingw32/:/usr/lib/gcc/i686-w64-mingw32/10.2.0/:/usr/lib/gcc/i686-w64-mingw32/:/usr/lib/gcc/i686-w64-mingw32/10.2.0/../../../../i686-w64-mingw32/bin/
LIBRARY_PATH=/usr/lib/gcc/i686-w64-mingw32/10.2.0/:/usr/lib/gcc/i686-w64-mingw32/10.2.0/../../../../i686-w64-mingw32/lib/../lib/:/usr/lib/gcc/i686-w64-mingw32/10.2.0/../../../../i686-w64-mingw32/lib/
COLLECT_GCC_OPTIONS='-v' '-o' 'cmTC_a6ca3.exe' '-mtune=generic' '-march=pentiumpro'
 /usr/lib/gcc/i686-w64-mingw32/10.2.0/collect2 -plugin /usr/lib/gcc/i686-w64-mingw32/10.2.0/liblto_plugin.so -plugin-opt=/usr/lib/gcc/i686-w64-mingw32/10.2.0/lto-wrapper -plugin-opt=-fresolution=/tmp/cc396Xsy.res -plugin-opt=-pass-through=-lmingw32 -plugin-opt=-pass-through=-lgcc -plugin-opt=-pass-through=-lgcc_eh -plugin-opt=-pass-through=-lmoldname -plugin-opt=-pass-through=-lmingwex -plugin-opt=-pass-through=-lmsvcrt -plugin-opt=-pass-through=-lpthread -plugin-opt=-pass-through=-ladvapi32 -plugin-opt=-pass-through=-lshell32 -plugin-opt=-pass-through=-luser32 -plugin-opt=-pass-through=-lkernel32 -plugin-opt=-pass-through=-lmingw32 -plugin-opt=-pass-through=-lgcc -plugin-opt=-pass-through=-lgcc_eh -plugin-opt=-pass-through=-lmoldname -plugin-opt=-pass-through=-lmingwex -plugin-opt=-pass-through=-lmsvcrt -m i386pe -Bdynamic -o cmTC_a6ca3.exe /usr/lib/gcc/i686-w64-mingw32/10.2.0/../../../../i686-w64-mingw32/lib/../lib/crt2.o /usr/lib/gcc/i686-w64-mingw32/10.2.0/crtbegin.o -L/usr/lib/gcc/i686-w64-mingw32/10.2.0 -L/usr/lib/gcc/i686-w64-mingw32/10.2.0/../../../../i686-w64-mingw32/lib/../lib -L/usr/lib/gcc/i686-w64-mingw32/10.2.0/../../../../i686-w64-mingw32/lib --whole-archive CMakeFiles/cmTC_a6ca3.dir/objects.a --no-whole-archive --out-implib libcmTC_a6ca3.dll.a --major-image-version 0 --minor-image-version 0 -lmingw32 -lgcc -lgcc_eh -lmoldname -lmingwex -lmsvcrt -lpthread -ladvapi32 -lshell32 -luser32 -lkernel32 -lmingw32 -lgcc -lgcc_eh -lmoldname -lmingwex -lmsvcrt /usr/lib/gcc/i686-w64-mingw32/10.2.0/crtend.o
COLLECT_GCC_OPTIONS='-v' '-o' 'cmTC_a6ca3.exe' '-mtune=generic' '-march=pentiumpro'
make[1]: Leaving directory '/home/louis/wichtiges/kempten/ss21/programmieren 2/uebungen/001/container/src/win-extras/glfw/glfw-3.3.3/CMakeFiles/CMakeTmp'



Parsed C implicit include dir info from above output: rv=done
  found start of include info
  found start of implicit include info
    add: [/usr/lib/gcc/i686-w64-mingw32/10.2.0/include]
    add: [/usr/lib/gcc/i686-w64-mingw32/10.2.0/include-fixed]
    add: [/usr/lib/gcc/i686-w64-mingw32/10.2.0/../../../../i686-w64-mingw32/include]
  end of search list found
  collapse include dir [/usr/lib/gcc/i686-w64-mingw32/10.2.0/include] ==> [/usr/lib/gcc/i686-w64-mingw32/10.2.0/include]
  collapse include dir [/usr/lib/gcc/i686-w64-mingw32/10.2.0/include-fixed] ==> [/usr/lib/gcc/i686-w64-mingw32/10.2.0/include-fixed]
  collapse include dir [/usr/lib/gcc/i686-w64-mingw32/10.2.0/../../../../i686-w64-mingw32/include] ==> [/usr/i686-w64-mingw32/include]
  implicit include dirs: [/usr/lib/gcc/i686-w64-mingw32/10.2.0/include;/usr/lib/gcc/i686-w64-mingw32/10.2.0/include-fixed;/usr/i686-w64-mingw32/include]


Parsed C implicit link information from above output:
  link line regex: [^( *|.*[/\])(i686-w64-mingw32-ld|CMAKE_LINK_STARTFILE-NOTFOUND|([^/\]+-)?ld|collect2)[^/\]*( |$)]
  ignore line: [Change Dir: /home/louis/wichtiges/kempten/ss21/programmieren 2/uebungen/001/container/src/win-extras/glfw/glfw-3.3.3/CMakeFiles/CMakeTmp]
  ignore line: []
  ignore line: [Run Build Command(s):/usr/bin/make cmTC_a6ca3/fast && /usr/bin/make  -f CMakeFiles/cmTC_a6ca3.dir/build.make CMakeFiles/cmTC_a6ca3.dir/build]
  ignore line: [make[1]: Entering directory '/home/louis/wichtiges/kempten/ss21/programmieren 2/uebungen/001/container/src/win-extras/glfw/glfw-3.3.3/CMakeFiles/CMakeTmp']
  ignore line: [Building C object CMakeFiles/cmTC_a6ca3.dir/CMakeCCompilerABI.c.obj]
  ignore line: [/usr/bin/i686-w64-mingw32-gcc   -v -o CMakeFiles/cmTC_a6ca3.dir/CMakeCCompilerABI.c.obj -c /usr/share/cmake-3.19/Modules/CMakeCCompilerABI.c]
  ignore line: [Using built-in specs.]
  ignore line: [COLLECT_GCC=/usr/bin/i686-w64-mingw32-gcc]
  ignore line: [Target: i686-w64-mingw32]
  ignore line: [Configured with: /build/mingw-w64-gcc/src/gcc/configure --prefix=/usr --libexecdir=/usr/lib --target=i686-w64-mingw32 --with-bugurl=https://bugs.archlinux.org/ --enable-languages=c lto c++ ada objc obj-c++ fortran --enable-shared --enable-static --enable-threads=posix --enable-fully-dynamic-string --enable-libstdcxx-time=yes --enable-libstdcxx-filesystem-ts=yes --with-system-zlib --enable-cloog-backend=isl --enable-lto --enable-libgomp --disable-multilib --enable-checking=release --disable-sjlj-exceptions --with-dwarf2]
  ignore line: [Thread model: posix]
  ignore line: [Supported LTO compression algorithms: zlib zstd]
  ignore line: [gcc version 10.2.0 (GCC) ]
  ignore line: [COLLECT_GCC_OPTIONS='-v' '-o' 'CMakeFiles/cmTC_a6ca3.dir/CMakeCCompilerABI.c.obj' '-c' '-mtune=generic' '-march=pentiumpro']
  ignore line: [ /usr/lib/gcc/i686-w64-mingw32/10.2.0/cc1 -quiet -v -D_REENTRANT /usr/share/cmake-3.19/Modules/CMakeCCompilerABI.c -quiet -dumpbase CMakeCCompilerABI.c -mtune=generic -march=pentiumpro -auxbase-strip CMakeFiles/cmTC_a6ca3.dir/CMakeCCompilerABI.c.obj -version -o /tmp/cc3EeVhk.s]
  ignore line: [GNU C17 (GCC) version 10.2.0 (i686-w64-mingw32)]
  ignore line: [	compiled by GNU C version 10.2.0  GMP version 6.2.0  MPFR version 4.1.0  MPC version 1.1.0  isl version isl-0.21-GMP]
  ignore line: []
  ignore line: [warning: GMP header version 6.2.0 differs from library version 6.2.1.]
  ignore line: [warning: MPC header version 1.1.0 differs from library version 1.2.1.]
  ignore line: [GGC heuristics: --param ggc-min-expand=100 --param ggc-min-heapsize=131072]
  ignore line: [ignoring nonexistent directory "/usr/lib/gcc/i686-w64-mingw32/10.2.0/../../../../i686-w64-mingw32/sys-include"]
  ignore line: [#include "..." search starts here:]
  ignore line: [#include <...> search starts here:]
  ignore line: [ /usr/lib/gcc/i686-w64-mingw32/10.2.0/include]
  ignore line: [ /usr/lib/gcc/i686-w64-mingw32/10.2.0/include-fixed]
  ignore line: [ /usr/lib/gcc/i686-w64-mingw32/10.2.0/../../../../i686-w64-mingw32/include]
  ignore line: [End of search list.]
  ignore line: [GNU C17 (GCC) version 10.2.0 (i686-w64-mingw32)]
  ignore line: [	compiled by GNU C version 10.2.0  GMP version 6.2.0  MPFR version 4.1.0  MPC version 1.1.0  isl version isl-0.21-GMP]
  ignore line: []
  ignore line: [warning: GMP header version 6.2.0 differs from library version 6.2.1.]
  ignore line: [warning: MPC header version 1.1.0 differs from library version 1.2.1.]
  ignore line: [GGC heuristics: --param ggc-min-expand=100 --param ggc-min-heapsize=131072]
  ignore line: [Compiler executable checksum: ded9fca0c6f5f53dad787dacd8ef9b9f]
  ignore line: [COLLECT_GCC_OPTIONS='-v' '-o' 'CMakeFiles/cmTC_a6ca3.dir/CMakeCCompilerABI.c.obj' '-c' '-mtune=generic' '-march=pentiumpro']
  ignore line: [ /usr/lib/gcc/i686-w64-mingw32/10.2.0/../../../../i686-w64-mingw32/bin/as -v -o CMakeFiles/cmTC_a6ca3.dir/CMakeCCompilerABI.c.obj /tmp/cc3EeVhk.s]
  ignore line: [GNU assembler version 2.35.1 (i686-w64-mingw32) using BFD version (GNU Binutils) 2.35.1]
  ignore line: [COMPILER_PATH=/usr/lib/gcc/i686-w64-mingw32/10.2.0/:/usr/lib/gcc/i686-w64-mingw32/10.2.0/:/usr/lib/gcc/i686-w64-mingw32/:/usr/lib/gcc/i686-w64-mingw32/10.2.0/:/usr/lib/gcc/i686-w64-mingw32/:/usr/lib/gcc/i686-w64-mingw32/10.2.0/../../../../i686-w64-mingw32/bin/]
  ignore line: [LIBRARY_PATH=/usr/lib/gcc/i686-w64-mingw32/10.2.0/:/usr/lib/gcc/i686-w64-mingw32/10.2.0/../../../../i686-w64-mingw32/lib/../lib/:/usr/lib/gcc/i686-w64-mingw32/10.2.0/../../../../i686-w64-mingw32/lib/]
  ignore line: [COLLECT_GCC_OPTIONS='-v' '-o' 'CMakeFiles/cmTC_a6ca3.dir/CMakeCCompilerABI.c.obj' '-c' '-mtune=generic' '-march=pentiumpro']
  ignore line: [Linking C executable cmTC_a6ca3.exe]
  ignore line: [/usr/bin/cmake -E cmake_link_script CMakeFiles/cmTC_a6ca3.dir/link.txt --verbose=1]
  ignore line: [/usr/bin/cmake -E rm -f CMakeFiles/cmTC_a6ca3.dir/objects.a]
  ignore line: [/usr/bin/i686-w64-mingw32-ar cr CMakeFiles/cmTC_a6ca3.dir/objects.a @CMakeFiles/cmTC_a6ca3.dir/objects1.rsp]
  ignore line: [/usr/bin/i686-w64-mingw32-gcc  -v -Wl --whole-archive CMakeFiles/cmTC_a6ca3.dir/objects.a -Wl --no-whole-archive -o cmTC_a6ca3.exe -Wl --out-implib libcmTC_a6ca3.dll.a -Wl --major-image-version 0 --minor-image-version 0 ]
  ignore line: [Using built-in specs.]
  ignore line: [COLLECT_GCC=/usr/bin/i686-w64-mingw32-gcc]
  ignore line: [COLLECT_LTO_WRAPPER=/usr/lib/gcc/i686-w64-mingw32/10.2.0/lto-wrapper]
  ignore line: [Target: i686-w64-mingw32]
  ignore line: [Configured with: /build/mingw-w64-gcc/src/gcc/configure --prefix=/usr --libexecdir=/usr/lib --target=i686-w64-mingw32 --with-bugurl=https://bugs.archlinux.org/ --enable-languages=c lto c++ ada objc obj-c++ fortran --enable-shared --enable-static --enable-threads=posix --enable-fully-dynamic-string --enable-libstdcxx-time=yes --enable-libstdcxx-filesystem-ts=yes --with-system-zlib --enable-cloog-backend=isl --enable-lto --enable-libgomp --disable-multilib --enable-checking=release --disable-sjlj-exceptions --with-dwarf2]
  ignore line: [Thread model: posix]
  ignore line: [Supported LTO compression algorithms: zlib zstd]
  ignore line: [gcc version 10.2.0 (GCC) ]
  ignore line: [COMPILER_PATH=/usr/lib/gcc/i686-w64-mingw32/10.2.0/:/usr/lib/gcc/i686-w64-mingw32/10.2.0/:/usr/lib/gcc/i686-w64-mingw32/:/usr/lib/gcc/i686-w64-mingw32/10.2.0/:/usr/lib/gcc/i686-w64-mingw32/:/usr/lib/gcc/i686-w64-mingw32/10.2.0/../../../../i686-w64-mingw32/bin/]
  ignore line: [LIBRARY_PATH=/usr/lib/gcc/i686-w64-mingw32/10.2.0/:/usr/lib/gcc/i686-w64-mingw32/10.2.0/../../../../i686-w64-mingw32/lib/../lib/:/usr/lib/gcc/i686-w64-mingw32/10.2.0/../../../../i686-w64-mingw32/lib/]
  ignore line: [COLLECT_GCC_OPTIONS='-v' '-o' 'cmTC_a6ca3.exe' '-mtune=generic' '-march=pentiumpro']
  link line: [ /usr/lib/gcc/i686-w64-mingw32/10.2.0/collect2 -plugin /usr/lib/gcc/i686-w64-mingw32/10.2.0/liblto_plugin.so -plugin-opt=/usr/lib/gcc/i686-w64-mingw32/10.2.0/lto-wrapper -plugin-opt=-fresolution=/tmp/cc396Xsy.res -plugin-opt=-pass-through=-lmingw32 -plugin-opt=-pass-through=-lgcc -plugin-opt=-pass-through=-lgcc_eh -plugin-opt=-pass-through=-lmoldname -plugin-opt=-pass-through=-lmingwex -plugin-opt=-pass-through=-lmsvcrt -plugin-opt=-pass-through=-lpthread -plugin-opt=-pass-through=-ladvapi32 -plugin-opt=-pass-through=-lshell32 -plugin-opt=-pass-through=-luser32 -plugin-opt=-pass-through=-lkernel32 -plugin-opt=-pass-through=-lmingw32 -plugin-opt=-pass-through=-lgcc -plugin-opt=-pass-through=-lgcc_eh -plugin-opt=-pass-through=-lmoldname -plugin-opt=-pass-through=-lmingwex -plugin-opt=-pass-through=-lmsvcrt -m i386pe -Bdynamic -o cmTC_a6ca3.exe /usr/lib/gcc/i686-w64-mingw32/10.2.0/../../../../i686-w64-mingw32/lib/../lib/crt2.o /usr/lib/gcc/i686-w64-mingw32/10.2.0/crtbegin.o -L/usr/lib/gcc/i686-w64-mingw32/10.2.0 -L/usr/lib/gcc/i686-w64-mingw32/10.2.0/../../../../i686-w64-mingw32/lib/../lib -L/usr/lib/gcc/i686-w64-mingw32/10.2.0/../../../../i686-w64-mingw32/lib --whole-archive CMakeFiles/cmTC_a6ca3.dir/objects.a --no-whole-archive --out-implib libcmTC_a6ca3.dll.a --major-image-version 0 --minor-image-version 0 -lmingw32 -lgcc -lgcc_eh -lmoldname -lmingwex -lmsvcrt -lpthread -ladvapi32 -lshell32 -luser32 -lkernel32 -lmingw32 -lgcc -lgcc_eh -lmoldname -lmingwex -lmsvcrt /usr/lib/gcc/i686-w64-mingw32/10.2.0/crtend.o]
    arg [/usr/lib/gcc/i686-w64-mingw32/10.2.0/collect2] ==> ignore
    arg [-plugin] ==> ignore
    arg [/usr/lib/gcc/i686-w64-mingw32/10.2.0/liblto_plugin.so] ==> ignore
    arg [-plugin-opt=/usr/lib/gcc/i686-w64-mingw32/10.2.0/lto-wrapper] ==> ignore
    arg [-plugin-opt=-fresolution=/tmp/cc396Xsy.res] ==> ignore
    arg [-plugin-opt=-pass-through=-lmingw32] ==> ignore
    arg [-plugin-opt=-pass-through=-lgcc] ==> ignore
    arg [-plugin-opt=-pass-through=-lgcc_eh] ==> ignore
    arg [-plugin-opt=-pass-through=-lmoldname] ==> ignore
    arg [-plugin-opt=-pass-through=-lmingwex] ==> ignore
    arg [-plugin-opt=-pass-through=-lmsvcrt] ==> ignore
    arg [-plugin-opt=-pass-through=-lpthread] ==> ignore
    arg [-plugin-opt=-pass-through=-ladvapi32] ==> ignore
    arg [-plugin-opt=-pass-through=-lshell32] ==> ignore
    arg [-plugin-opt=-pass-through=-luser32] ==> ignore
    arg [-plugin-opt=-pass-through=-lkernel32] ==> ignore
    arg [-plugin-opt=-pass-through=-lmingw32] ==> ignore
    arg [-plugin-opt=-pass-through=-lgcc] ==> ignore
    arg [-plugin-opt=-pass-through=-lgcc_eh] ==> ignore
    arg [-plugin-opt=-pass-through=-lmoldname] ==> ignore
    arg [-plugin-opt=-pass-through=-lmingwex] ==> ignore
    arg [-plugin-opt=-pass-through=-lmsvcrt] ==> ignore
    arg [-m] ==> ignore
    arg [i386pe] ==> ignore
    arg [-Bdynamic] ==> ignore
    arg [-o] ==> ignore
    arg [cmTC_a6ca3.exe] ==> ignore
    arg [/usr/lib/gcc/i686-w64-mingw32/10.2.0/../../../../i686-w64-mingw32/lib/../lib/crt2.o] ==> ignore
    arg [/usr/lib/gcc/i686-w64-mingw32/10.2.0/crtbegin.o] ==> ignore
    arg [-L/usr/lib/gcc/i686-w64-mingw32/10.2.0] ==> dir [/usr/lib/gcc/i686-w64-mingw32/10.2.0]
    arg [-L/usr/lib/gcc/i686-w64-mingw32/10.2.0/../../../../i686-w64-mingw32/lib/../lib] ==> dir [/usr/lib/gcc/i686-w64-mingw32/10.2.0/../../../../i686-w64-mingw32/lib/../lib]
    arg [-L/usr/lib/gcc/i686-w64-mingw32/10.2.0/../../../../i686-w64-mingw32/lib] ==> dir [/usr/lib/gcc/i686-w64-mingw32/10.2.0/../../../../i686-w64-mingw32/lib]
    arg [--whole-archive] ==> ignore
    arg [CMakeFiles/cmTC_a6ca3.dir/objects.a] ==> ignore
    arg [--no-whole-archive] ==> ignore
    arg [--out-implib] ==> ignore
    arg [libcmTC_a6ca3.dll.a] ==> ignore
    arg [--major-image-version] ==> ignore
    arg [0] ==> ignore
    arg [--minor-image-version] ==> ignore
    arg [0] ==> ignore
    arg [-lmingw32] ==> lib [mingw32]
    arg [-lgcc] ==> lib [gcc]
    arg [-lgcc_eh] ==> lib [gcc_eh]
    arg [-lmoldname] ==> lib [moldname]
    arg [-lmingwex] ==> lib [mingwex]
    arg [-lmsvcrt] ==> lib [msvcrt]
    arg [-lpthread] ==> lib [pthread]
    arg [-ladvapi32] ==> lib [advapi32]
    arg [-lshell32] ==> lib [shell32]
    arg [-luser32] ==> lib [user32]
    arg [-lkernel32] ==> lib [kernel32]
    arg [-lmingw32] ==> lib [mingw32]
    arg [-lgcc] ==> lib [gcc]
    arg [-lgcc_eh] ==> lib [gcc_eh]
    arg [-lmoldname] ==> lib [moldname]
    arg [-lmingwex] ==> lib [mingwex]
    arg [-lmsvcrt] ==> lib [msvcrt]
    arg [/usr/lib/gcc/i686-w64-mingw32/10.2.0/crtend.o] ==> ignore
  remove lib [gcc_eh]
  remove lib [msvcrt]
  remove lib [gcc_eh]
  remove lib [msvcrt]
  collapse library dir [/usr/lib/gcc/i686-w64-mingw32/10.2.0] ==> [/usr/lib/gcc/i686-w64-mingw32/10.2.0]
  collapse library dir [/usr/lib/gcc/i686-w64-mingw32/10.2.0/../../../../i686-w64-mingw32/lib/../lib] ==> [/usr/i686-w64-mingw32/lib]
  collapse library dir [/usr/lib/gcc/i686-w64-mingw32/10.2.0/../../../../i686-w64-mingw32/lib] ==> [/usr/i686-w64-mingw32/lib]
  implicit libs: [mingw32;gcc;moldname;mingwex;pthread;advapi32;shell32;user32;kernel32;mingw32;gcc;moldname;mingwex]
  implicit dirs: [/usr/lib/gcc/i686-w64-mingw32/10.2.0;/usr/i686-w64-mingw32/lib]
  implicit fwks: []


Determining if the include file pthread.h exists passed with the following output:
Change Dir: /home/louis/wichtiges/kempten/ss21/programmieren 2/uebungen/001/container/src/win-extras/glfw/glfw-3.3.3/CMakeFiles/CMakeTmp

Run Build Command(s):/usr/bin/make cmTC_1d0f4/fast && /usr/bin/make  -f CMakeFiles/cmTC_1d0f4.dir/build.make CMakeFiles/cmTC_1d0f4.dir/build
make[1]: Verzeichnis „/home/louis/wichtiges/kempten/ss21/programmieren 2/uebungen/001/container/src/win-extras/glfw/glfw-3.3.3/CMakeFiles/CMakeTmp“ wird betreten
Building C object CMakeFiles/cmTC_1d0f4.dir/CheckIncludeFile.c.obj
/usr/bin/i686-w64-mingw32-gcc    -o CMakeFiles/cmTC_1d0f4.dir/CheckIncludeFile.c.obj -c "/home/louis/wichtiges/kempten/ss21/programmieren 2/uebungen/001/container/src/win-extras/glfw/glfw-3.3.3/CMakeFiles/CMakeTmp/CheckIncludeFile.c"
Linking C executable cmTC_1d0f4.exe
/usr/bin/cmake -E cmake_link_script CMakeFiles/cmTC_1d0f4.dir/link.txt --verbose=1
/usr/bin/cmake -E rm -f CMakeFiles/cmTC_1d0f4.dir/objects.a
/usr/bin/i686-w64-mingw32-ar cr CMakeFiles/cmTC_1d0f4.dir/objects.a @CMakeFiles/cmTC_1d0f4.dir/objects1.rsp
/usr/bin/i686-w64-mingw32-gcc -Wl,--whole-archive CMakeFiles/cmTC_1d0f4.dir/objects.a -Wl,--no-whole-archive -o cmTC_1d0f4.exe -Wl,--out-implib,libcmTC_1d0f4.dll.a -Wl,--major-image-version,0,--minor-image-version,0 @CMakeFiles/cmTC_1d0f4.dir/linklibs.rsp
make[1]: Verzeichnis „/home/louis/wichtiges/kempten/ss21/programmieren 2/uebungen/001/container/src/win-extras/glfw/glfw-3.3.3/CMakeFiles/CMakeTmp“ wird verlassen



Performing C SOURCE FILE Test CMAKE_HAVE_LIBC_PTHREAD succeeded with the following output:
Change Dir: /home/louis/wichtiges/kempten/ss21/programmieren 2/uebungen/001/container/src/win-extras/glfw/glfw-3.3.3/CMakeFiles/CMakeTmp

Run Build Command(s):/usr/bin/make cmTC_c982a/fast && /usr/bin/make  -f CMakeFiles/cmTC_c982a.dir/build.make CMakeFiles/cmTC_c982a.dir/build
make[1]: Verzeichnis „/home/louis/wichtiges/kempten/ss21/programmieren 2/uebungen/001/container/src/win-extras/glfw/glfw-3.3.3/CMakeFiles/CMakeTmp“ wird betreten
Building C object CMakeFiles/cmTC_c982a.dir/src.c.obj
/usr/bin/i686-w64-mingw32-gcc -DCMAKE_HAVE_LIBC_PTHREAD   -o CMakeFiles/cmTC_c982a.dir/src.c.obj -c "/home/louis/wichtiges/kempten/ss21/programmieren 2/uebungen/001/container/src/win-extras/glfw/glfw-3.3.3/CMakeFiles/CMakeTmp/src.c"
Linking C executable cmTC_c982a.exe
/usr/bin/cmake -E cmake_link_script CMakeFiles/cmTC_c982a.dir/link.txt --verbose=1
/usr/bin/cmake -E rm -f CMakeFiles/cmTC_c982a.dir/objects.a
/usr/bin/i686-w64-mingw32-ar cr CMakeFiles/cmTC_c982a.dir/objects.a @CMakeFiles/cmTC_c982a.dir/objects1.rsp
/usr/bin/i686-w64-mingw32-gcc -Wl,--whole-archive CMakeFiles/cmTC_c982a.dir/objects.a -Wl,--no-whole-archive -o cmTC_c982a.exe -Wl,--out-implib,libcmTC_c982a.dll.a -Wl,--major-image-version,0,--minor-image-version,0 @CMakeFiles/cmTC_c982a.dir/linklibs.rsp
make[1]: Verzeichnis „/home/louis/wichtiges/kempten/ss21/programmieren 2/uebungen/001/container/src/win-extras/glfw/glfw-3.3.3/CMakeFiles/CMakeTmp“ wird verlassen


Source file was:
#include <pthread.h>

static void* test_func(void* data)
{
  return data;
}

int main(void)
{
  pthread_t thread;
  pthread_create(&thread, NULL, test_func, NULL);
  pthread_detach(thread);
  pthread_cancel(thread);
  pthread_join(thread, NULL);
  pthread_atfork(NULL, NULL, NULL);
  pthread_exit(NULL);

  return 0;
}

Determining if the include file dinput.h exists passed with the following output:
Change Dir: /home/louis/wichtiges/kempten/ss21/programmieren 2/uebungen/001/container/src/win-extras/glfw/glfw-3.3.3/CMakeFiles/CMakeTmp

Run Build Command(s):/usr/bin/make cmTC_35978/fast && /usr/bin/make  -f CMakeFiles/cmTC_35978.dir/build.make CMakeFiles/cmTC_35978.dir/build
make[1]: Verzeichnis „/home/louis/wichtiges/kempten/ss21/programmieren 2/uebungen/001/container/src/win-extras/glfw/glfw-3.3.3/CMakeFiles/CMakeTmp“ wird betreten
Building C object CMakeFiles/cmTC_35978.dir/CheckIncludeFile.c.obj
/usr/bin/i686-w64-mingw32-gcc    -o CMakeFiles/cmTC_35978.dir/CheckIncludeFile.c.obj -c "/home/louis/wichtiges/kempten/ss21/programmieren 2/uebungen/001/container/src/win-extras/glfw/glfw-3.3.3/CMakeFiles/CMakeTmp/CheckIncludeFile.c"
Linking C executable cmTC_35978.exe
/usr/bin/cmake -E cmake_link_script CMakeFiles/cmTC_35978.dir/link.txt --verbose=1
/usr/bin/cmake -E rm -f CMakeFiles/cmTC_35978.dir/objects.a
/usr/bin/i686-w64-mingw32-ar cr CMakeFiles/cmTC_35978.dir/objects.a @CMakeFiles/cmTC_35978.dir/objects1.rsp
/usr/bin/i686-w64-mingw32-gcc -Wl,--whole-archive CMakeFiles/cmTC_35978.dir/objects.a -Wl,--no-whole-archive -o cmTC_35978.exe -Wl,--out-implib,libcmTC_35978.dll.a -Wl,--major-image-version,0,--minor-image-version,0 @CMakeFiles/cmTC_35978.dir/linklibs.rsp
make[1]: Verzeichnis „/home/louis/wichtiges/kempten/ss21/programmieren 2/uebungen/001/container/src/win-extras/glfw/glfw-3.3.3/CMakeFiles/CMakeTmp“ wird verlassen



Determining if the include file xinput.h exists passed with the following output:
Change Dir: /home/louis/wichtiges/kempten/ss21/programmieren 2/uebungen/001/container/src/win-extras/glfw/glfw-3.3.3/CMakeFiles/CMakeTmp

Run Build Command(s):/usr/bin/make cmTC_72de9/fast && /usr/bin/make  -f CMakeFiles/cmTC_72de9.dir/build.make CMakeFiles/cmTC_72de9.dir/build
make[1]: Verzeichnis „/home/louis/wichtiges/kempten/ss21/programmieren 2/uebungen/001/container/src/win-extras/glfw/glfw-3.3.3/CMakeFiles/CMakeTmp“ wird betreten
Building C object CMakeFiles/cmTC_72de9.dir/CheckIncludeFile.c.obj
/usr/bin/i686-w64-mingw32-gcc    -o CMakeFiles/cmTC_72de9.dir/CheckIncludeFile.c.obj -c "/home/louis/wichtiges/kempten/ss21/programmieren 2/uebungen/001/container/src/win-extras/glfw/glfw-3.3.3/CMakeFiles/CMakeTmp/CheckIncludeFile.c"
Linking C executable cmTC_72de9.exe
/usr/bin/cmake -E cmake_link_script CMakeFiles/cmTC_72de9.dir/link.txt --verbose=1
/usr/bin/cmake -E rm -f CMakeFiles/cmTC_72de9.dir/objects.a
/usr/bin/i686-w64-mingw32-ar cr CMakeFiles/cmTC_72de9.dir/objects.a @CMakeFiles/cmTC_72de9.dir/objects1.rsp
/usr/bin/i686-w64-mingw32-gcc -Wl,--whole-archive CMakeFiles/cmTC_72de9.dir/objects.a -Wl,--no-whole-archive -o cmTC_72de9.exe -Wl,--out-implib,libcmTC_72de9.dll.a -Wl,--major-image-version,0,--minor-image-version,0 @CMakeFiles/cmTC_72de9.dir/linklibs.rsp
make[1]: Verzeichnis „/home/louis/wichtiges/kempten/ss21/programmieren 2/uebungen/001/container/src/win-extras/glfw/glfw-3.3.3/CMakeFiles/CMakeTmp“ wird verlassen



Performing C SOURCE FILE Test _GLFW_HAS_DEP succeeded with the following output:
Change Dir: /home/louis/wichtiges/kempten/ss21/programmieren 2/uebungen/001/container/src/win-extras/glfw/glfw-3.3.3/CMakeFiles/CMakeTmp

Run Build Command(s):/usr/bin/make cmTC_01427/fast && /usr/bin/make  -f CMakeFiles/cmTC_01427.dir/build.make CMakeFiles/cmTC_01427.dir/build
make[1]: Entering directory '/home/louis/wichtiges/kempten/ss21/programmieren 2/uebungen/001/container/src/win-extras/glfw/glfw-3.3.3/CMakeFiles/CMakeTmp'
Building C object CMakeFiles/cmTC_01427.dir/src.c.obj
/usr/bin/i686-w64-mingw32-gcc -D_GLFW_HAS_DEP  -Wl,--nxcompat -o CMakeFiles/cmTC_01427.dir/src.c.obj -c "/home/louis/wichtiges/kempten/ss21/programmieren 2/uebungen/001/container/src/win-extras/glfw/glfw-3.3.3/CMakeFiles/CMakeTmp/src.c"
Linking C executable cmTC_01427.exe
/usr/bin/cmake -E cmake_link_script CMakeFiles/cmTC_01427.dir/link.txt --verbose=1
/usr/bin/cmake -E rm -f CMakeFiles/cmTC_01427.dir/objects.a
/usr/bin/i686-w64-mingw32-ar cr CMakeFiles/cmTC_01427.dir/objects.a @CMakeFiles/cmTC_01427.dir/objects1.rsp
/usr/bin/i686-w64-mingw32-gcc  -Wl,--nxcompat -Wl,--whole-archive CMakeFiles/cmTC_01427.dir/objects.a -Wl,--no-whole-archive -o cmTC_01427.exe -Wl,--out-implib,libcmTC_01427.dll.a -Wl,--major-image-version,0,--minor-image-version,0 @CMakeFiles/cmTC_01427.dir/linklibs.rsp
make[1]: Leaving directory '/home/louis/wichtiges/kempten/ss21/programmieren 2/uebungen/001/container/src/win-extras/glfw/glfw-3.3.3/CMakeFiles/CMakeTmp'


Source file was:
int main(void) { return 0; }
